[2015-06-03 06:31:00] __rvm_post_configure_ruby
__rvm_post_configure_ruby () 
{ 
    __rvm_post_configure_ruby_fix_athlon_sse2;
    __rvm_post_configure_ruby_update_setup
}
current path: /home/vagrant/.rvm/src/ruby-2.2.1
PATH=/usr/local/sbin:/usr/local/bin:/usr/sbin:/usr/bin:/sbin:/bin:/usr/games:/usr/local/games:/home/vagrant/.rvm/bin
command(1): __rvm_post_configure_ruby
++ /scripts/functions/manage/ruby : __rvm_post_configure_ruby()  122 > __rvm_post_configure_ruby_fix_athlon_sse2
++ /scripts/functions/manage/ruby : __rvm_post_configure_ruby_fix_athlon_sse2()  129 > [[ -f /proc/cpuinfo ]]
++ /scripts/functions/manage/ruby : __rvm_post_configure_ruby_fix_athlon_sse2()  129 > [[ -f Makefile ]]
++ /scripts/functions/manage/ruby : __rvm_post_configure_ruby_fix_athlon_sse2()  130 > __rvm_grep '^XCFLAGS = .*-msse2' Makefile
++ /scripts/functions/support : __rvm_grep()  260 > GREP_OPTIONS=
++ /scripts/functions/support : __rvm_grep()  260 > command grep '^XCFLAGS = .*-msse2' Makefile
++ /scripts/functions/support : __rvm_grep()  260 > grep '^XCFLAGS = .*-msse2' Makefile
++ /scripts/functions/support : __rvm_grep()  260 > return 1
++ /scripts/functions/manage/ruby : __rvm_post_configure_ruby()  123 > __rvm_post_configure_ruby_update_setup
++ /scripts/functions/manage/ruby : __rvm_post_configure_ruby_update_setup()  139 > typeset option
++ /scripts/functions/manage/ruby : __rvm_post_configure_ruby_update_setup()  141 > ((  0 == 1  ))
