[2015-06-03 06:39:53] __rvm_make
__rvm_make () 
{ 
    \make "$@" || return $?
}
current path: /home/vagrant/.rvm/src/ruby-2.1.5
GEM_HOME=/home/vagrant/.rvm/gems/ruby-2.2.1
PATH=/home/vagrant/.rvm/gems/ruby-2.2.1/bin:/home/vagrant/.rvm/gems/ruby-2.2.1@global/bin:/home/vagrant/.rvm/rubies/ruby-2.2.1/bin:/usr/local/sbin:/usr/local/bin:/usr/sbin:/usr/bin:/sbin:/bin:/usr/games:/usr/local/games:/home/vagrant/.rvm/bin:/home/vagrant/.rvm/bin
GEM_PATH=/home/vagrant/.rvm/gems/ruby-2.2.1:/home/vagrant/.rvm/gems/ruby-2.2.1@global
command(2): __rvm_make -j1
++ make -j1
	CC = gcc
	LD = ld
	LDSHARED = gcc -shared
	CFLAGS = -O3 -fno-fast-math -ggdb3 -Wall -Wextra -Wno-unused-parameter -Wno-parentheses -Wno-long-long -Wno-missing-field-initializers -Wunused-variable -Wpointer-arith -Wwrite-strings -Wdeclaration-after-statement -Wimplicit-function-declaration -ansi -std=iso9899:199409  -fPIC 
	XCFLAGS = -D_FORTIFY_SOURCE=2 -fstack-protector -fno-strict-overflow -fvisibility=hidden -DRUBY_EXPORT
	CPPFLAGS =   -I. -I.ext/include/x86_64-linux -I./include -I.
	DLDFLAGS = -Wl,-soname,libruby.so.2.1  -fstack-protector  
	SOLIBS = -lpthread -ldl -lcrypt -lm  
Using built-in specs.
COLLECT_GCC=gcc
COLLECT_LTO_WRAPPER=/usr/lib/gcc/x86_64-linux-gnu/4.8/lto-wrapper
Target: x86_64-linux-gnu
Configured with: ../src/configure -v --with-pkgversion='Ubuntu 4.8.2-19ubuntu1' --with-bugurl=file:///usr/share/doc/gcc-4.8/README.Bugs --enable-languages=c,c++,java,go,d,fortran,objc,obj-c++ --prefix=/usr --program-suffix=-4.8 --enable-shared --enable-linker-build-id --libexecdir=/usr/lib --without-included-gettext --enable-threads=posix --with-gxx-include-dir=/usr/include/c++/4.8 --libdir=/usr/lib --enable-nls --with-sysroot=/ --enable-clocale=gnu --enable-libstdcxx-debug --enable-libstdcxx-time=yes --enable-gnu-unique-object --disable-libmudflap --enable-plugin --with-system-zlib --disable-browser-plugin --enable-java-awt=gtk --enable-gtk-cairo --with-java-home=/usr/lib/jvm/java-1.5.0-gcj-4.8-amd64/jre --enable-java-home --with-jvm-root-dir=/usr/lib/jvm/java-1.5.0-gcj-4.8-amd64 --with-jvm-jar-dir=/usr/lib/jvm-exports/java-1.5.0-gcj-4.8-amd64 --with-arch-directory=amd64 --with-ecj-jar=/usr/share/java/eclipse-ecj.jar --enable-objc-gc --enable-multiarch --disable-werror --with-arch-32=i686 --with-abi=m64 --with-multilib-list=m32,m64,mx32 --with-tune=generic --enable-checking=release --build=x86_64-linux-gnu --host=x86_64-linux-gnu --target=x86_64-linux-gnu
Thread model: posix
gcc version 4.8.2 (Ubuntu 4.8.2-19ubuntu1) 
compiling main.c
compiling dmydln.c
compiling miniinit.c
compiling miniprelude.c
copying dummy probes.h
compiling array.c
compiling bignum.c
compiling class.c
compiling compar.c
compiling complex.c
compiling dir.c
compiling dln_find.c
compiling encoding.c
compiling enum.c
compiling enumerator.c
compiling error.c
compiling eval.c
In file included from eval.c:14:0:
eval.c: In function ‘ruby_setup’:
eval_intern.h:149:15: warning: ‘_th’ may be used uninitialized in this function [-Wmaybe-uninitialized]
     th->state = 0;
               ^
eval_intern.h:123:23: note: ‘_th’ was declared here
   rb_thread_t * const _th = (th); \
                       ^
eval_intern.h:141:20: note: in expansion of macro ‘TH_PUSH_TAG’
 #define PUSH_TAG() TH_PUSH_TAG(GET_THREAD())
                    ^
eval.c:57:5: note: in expansion of macro ‘PUSH_TAG’
     PUSH_TAG();
     ^
eval_jump.c: In function ‘rb_exec_end_proc’:
eval_intern.h:135:34: warning: ‘_th’ may be used uninitialized in this function [-Wmaybe-uninitialized]
 #define TH_PUSH_TAG2() (_th->tag = &_tag, 0)
                                  ^
eval_intern.h:123:23: note: ‘_th’ was declared here
   rb_thread_t * const _th = (th); \
                       ^
eval_intern.h:141:20: note: in expansion of macro ‘TH_PUSH_TAG’
 #define PUSH_TAG() TH_PUSH_TAG(GET_THREAD())
                    ^
eval_jump.c:119:5: note: in expansion of macro ‘PUSH_TAG’
     PUSH_TAG();
     ^
In file included from eval_intern.h:4:0,
                 from eval.c:14:
./include/ruby/ruby.h:438:20: warning: ‘th’ may be used uninitialized in this function [-Wmaybe-uninitialized]
 #define NIL_P(v) !((VALUE)(v) != Qnil)
                    ^
In file included from eval.c:33:0:
eval_jump.c:116:18: note: ‘th’ was declared here
     rb_thread_t *th = GET_THREAD();
                  ^
In file included from eval.c:14:0:
eval.c: In function ‘ruby_options’:
eval_intern.h:123:23: warning: ‘_th’ may be used uninitialized in this function [-Wmaybe-uninitialized]
   rb_thread_t * const _th = (th); \
                       ^
eval_intern.h:123:23: note: ‘_th’ was declared here
   rb_thread_t * const _th = (th); \
                       ^
eval_intern.h:141:20: note: in expansion of macro ‘TH_PUSH_TAG’
 #define PUSH_TAG() TH_PUSH_TAG(GET_THREAD())
                    ^
eval.c:99:5: note: in expansion of macro ‘PUSH_TAG’
     PUSH_TAG();
     ^
compiling load.c
In file included from load.c:9:0:
load.c: In function ‘rb_load_internal0’:
eval_intern.h:149:15: warning: ‘_th’ may be used uninitialized in this function [-Wmaybe-uninitialized]
     th->state = 0;
               ^
eval_intern.h:123:23: note: ‘_th’ was declared here
   rb_thread_t * const _th = (th); \
                       ^
eval_intern.h:141:20: note: in expansion of macro ‘TH_PUSH_TAG’
 #define PUSH_TAG() TH_PUSH_TAG(GET_THREAD())
                    ^
load.c:604:5: note: in expansion of macro ‘PUSH_TAG’
     PUSH_TAG();
     ^
compiling proc.c
In file included from proc.c:12:0:
proc.c: In function ‘rb_method_call_with_block’:
eval_intern.h:149:15: warning: ‘_th’ may be used uninitialized in this function [-Wmaybe-uninitialized]
     th->state = 0;
               ^
eval_intern.h:123:23: note: ‘_th’ was declared here
   rb_thread_t * const _th = (th); \
                       ^
eval_intern.h:141:20: note: in expansion of macro ‘TH_PUSH_TAG’
 #define PUSH_TAG() TH_PUSH_TAG(GET_THREAD())
                    ^
proc.c:1798:5: note: in expansion of macro ‘PUSH_TAG’
     PUSH_TAG();
     ^
proc.c:1818:16: warning: ‘data’ may be used uninitialized in this function [-Wmaybe-uninitialized]
  defined_class = data->defined_class;
                ^
compiling file.c
compiling gc.c
compiling hash.c
compiling inits.c
compiling io.c
compiling marshal.c
compiling math.c
compiling node.c
compiling numeric.c
compiling object.c
compiling pack.c
compiling parse.c
compiling process.c
compiling random.c
compiling range.c
compiling rational.c
compiling re.c
compiling regcomp.c
compiling regenc.c
compiling regerror.c
compiling regexec.c
compiling regparse.c
compiling regsyntax.c
compiling ruby.c
compiling safe.c
compiling signal.c
compiling sprintf.c
compiling st.c
compiling strftime.c
compiling string.c
compiling struct.c
compiling time.c
compiling transcode.c
compiling util.c
compiling variable.c
compiling version.c
compiling compile.c
compiling debug.c
compiling iseq.c
In file included from vm_core.h:25:0,
                 from eval_intern.h:5,
                 from iseq.c:14:
iseq.c: In function ‘iseq_load’:
iseq.c:540:54: warning: dereferencing type-punned pointer will break strict-aliasing rules [-Wstrict-aliasing]
  cached_map = ATOMIC_PTR_CAS(type_map_cache, (struct st_table *)0, type_map);
                                                      ^
ruby_atomic.h:13:36: note: in definition of macro ‘ATOMIC_CAS’
 ({ __typeof__(oldval) oldvaldup = (oldval); /* oldval should not be modified */ \
                                    ^
ruby_atomic.h:166:53: note: in expansion of macro ‘ATOMIC_SIZE_CAS’
 #   define ATOMIC_PTR_CAS(var, oldval, val) (void *)ATOMIC_SIZE_CAS(*(size_t *)&(var), (size_t)(oldval), (size_t)(val))
                                                     ^
iseq.c:540:15: note: in expansion of macro ‘ATOMIC_PTR_CAS’
  cached_map = ATOMIC_PTR_CAS(type_map_cache, (struct st_table *)0, type_map);
               ^
compiling vm.c
In file included from vm.c:20:0:
vm_eval.c: In function ‘rb_iterate’:
eval_intern.h:129:12: warning: ‘_th’ may be used uninitialized in this function [-Wmaybe-uninitialized]
   _th->tag = _tag.prev; \
            ^
eval_intern.h:123:23: note: ‘_th’ was declared here
   rb_thread_t * const _th = (th); \
                       ^
vm_eval.c:1062:5: note: in expansion of macro ‘TH_PUSH_TAG’
     TH_PUSH_TAG(th);
     ^
In file included from vm.c:84:0:
vm_eval.c:1058:18: warning: ‘th’ may be used uninitialized in this function [-Wmaybe-uninitialized]
     rb_thread_t *th = GET_THREAD();
                  ^
vm_eval.c:1070:18: warning: ‘node’ may be used uninitialized in this function [-Wmaybe-uninitialized]
   blockptr->iseq = (void *)node;
                  ^
In file included from vm.c:20:0:
vm_eval.c: In function ‘eval_string_with_cref’:
eval_intern.h:129:12: warning: ‘_th’ may be used uninitialized in this function [-Wmaybe-uninitialized]
   _th->tag = _tag.prev; \
            ^
eval_intern.h:123:23: note: ‘_th’ was declared here
   rb_thread_t * const _th = (th); \
                       ^
vm_eval.c:1201:5: note: in expansion of macro ‘TH_PUSH_TAG’
     TH_PUSH_TAG(th);
     ^
vm_eval.c: In function ‘rb_eval_cmd’:
eval_intern.h:149:15: warning: ‘_th’ may be used uninitialized in this function [-Wmaybe-uninitialized]
     th->state = 0;
               ^
eval_intern.h:123:23: note: ‘_th’ was declared here
   rb_thread_t * const _th = (th); \
                       ^
eval_intern.h:141:20: note: in expansion of macro ‘TH_PUSH_TAG’
 #define PUSH_TAG() TH_PUSH_TAG(GET_THREAD())
                    ^
vm_eval.c:1490:5: note: in expansion of macro ‘PUSH_TAG’
     PUSH_TAG();
     ^
eval_intern.h:149:15: warning: ‘_th’ may be used uninitialized in this function [-Wmaybe-uninitialized]
     th->state = 0;
               ^
eval_intern.h:123:23: note: ‘_th’ was declared here
   rb_thread_t * const _th = (th); \
                       ^
eval_intern.h:141:20: note: in expansion of macro ‘TH_PUSH_TAG’
 #define PUSH_TAG() TH_PUSH_TAG(GET_THREAD())
                    ^
vm_eval.c:1475:2: note: in expansion of macro ‘PUSH_TAG’
  PUSH_TAG();
  ^
compiling vm_dump.c
compiling vm_backtrace.c
In file included from vm_backtrace.c:18:0:
vm_backtrace.c: In function ‘rb_debug_inspector_open’:
eval_intern.h:129:12: warning: ‘_th’ may be used uninitialized in this function [-Wmaybe-uninitialized]
   _th->tag = _tag.prev; \
            ^
eval_intern.h:123:23: note: ‘_th’ was declared here
   rb_thread_t * const _th = (th); \
                       ^
vm_backtrace.c:1190:5: note: in expansion of macro ‘TH_PUSH_TAG’
     TH_PUSH_TAG(th);
     ^
compiling vm_trace.c
In file included from vm_trace.c:30:0:
vm_trace.c: In function ‘exec_hooks_protected’:
eval_intern.h:149:15: warning: ‘_th’ may be used uninitialized in this function [-Wmaybe-uninitialized]
     th->state = 0;
               ^
eval_intern.h:123:23: note: ‘_th’ was declared here
   rb_thread_t * const _th = (th); \
                       ^
vm_trace.c:303:5: note: in expansion of macro ‘TH_PUSH_TAG’
     TH_PUSH_TAG(th);
     ^
vm_trace.c: In function ‘rb_suppress_tracing’:
eval_intern.h:149:15: warning: ‘_th’ may be used uninitialized in this function [-Wmaybe-uninitialized]
     th->state = 0;
               ^
eval_intern.h:123:23: note: ‘_th’ was declared here
   rb_thread_t * const _th = (th); \
                       ^
vm_trace.c:406:5: note: in expansion of macro ‘TH_PUSH_TAG’
     TH_PUSH_TAG(th);
     ^
compiling thread.c
In file included from thread.c:60:0:
thread.c: In function ‘rb_thread_s_handle_interrupt’:
eval_intern.h:149:15: warning: ‘_th’ may be used uninitialized in this function [-Wmaybe-uninitialized]
     th->state = 0;
               ^
eval_intern.h:123:23: note: ‘_th’ was declared here
   rb_thread_t * const _th = (th); \
                       ^
thread.c:1807:5: note: in expansion of macro ‘TH_PUSH_TAG’
     TH_PUSH_TAG(th);
     ^
thread.c: In function ‘rb_thread_terminate_all’:
eval_intern.h:149:15: warning: ‘_th’ may be used uninitialized in this function [-Wmaybe-uninitialized]
     th->state = 0;
               ^
eval_intern.h:123:23: note: ‘_th’ was declared here
   rb_thread_t * const _th = (th); \
                       ^
thread.c:441:2: note: in expansion of macro ‘TH_PUSH_TAG’
  TH_PUSH_TAG(th);
  ^
compiling cont.c
cont.c: In function ‘cont_capture’:
cont.c:515:14: warning: ‘cont’ may be used uninitialized in this function [-Wmaybe-uninitialized]
  cont->value = Qnil;
              ^
compiling ./enc/ascii.c
compiling ./enc/us_ascii.c
compiling ./enc/unicode.c
compiling ./enc/utf_8.c
compiling newline.c
compiling ./missing/strlcpy.c
compiling ./missing/strlcat.c
compiling ./missing/setproctitle.c
compiling addr2line.c
compiling dmyext.c
linking miniruby
rbconfig.rb updated
generating enc.mk
compiling dln.c
compiling localeinit.c
creating verconf.h
compiling loadpath.c
generating prelude.c
compiling prelude.c
linking static-library libruby-static.a
verifying static-library libruby-static.a
linking shared-library libruby.so.2.1.0
generating encdb.h
encdb.h unchanged
making enc
make[1]: Entering directory `/home/vagrant/.rvm/src/ruby-2.1.5'
compiling ./enc/encdb.c
linking encoding encdb.so
compiling ./enc/big5.c
linking encoding big5.so
compiling ./enc/cp949.c
linking encoding cp949.so
compiling ./enc/emacs_mule.c
linking encoding emacs_mule.so
compiling ./enc/euc_jp.c
linking encoding euc_jp.so
compiling ./enc/euc_kr.c
linking encoding euc_kr.so
compiling ./enc/euc_tw.c
linking encoding euc_tw.so
compiling ./enc/gb2312.c
linking encoding gb2312.so
compiling ./enc/gb18030.c
linking encoding gb18030.so
compiling ./enc/gbk.c
linking encoding gbk.so
compiling ./enc/iso_8859_1.c
linking encoding iso_8859_1.so
compiling ./enc/iso_8859_2.c
linking encoding iso_8859_2.so
compiling ./enc/iso_8859_3.c
linking encoding iso_8859_3.so
compiling ./enc/iso_8859_4.c
linking encoding iso_8859_4.so
compiling ./enc/iso_8859_5.c
linking encoding iso_8859_5.so
compiling ./enc/iso_8859_6.c
linking encoding iso_8859_6.so
compiling ./enc/iso_8859_7.c
linking encoding iso_8859_7.so
compiling ./enc/iso_8859_8.c
linking encoding iso_8859_8.so
compiling ./enc/iso_8859_9.c
linking encoding iso_8859_9.so
compiling ./enc/iso_8859_10.c
linking encoding iso_8859_10.so
compiling ./enc/iso_8859_11.c
linking encoding iso_8859_11.so
compiling ./enc/iso_8859_13.c
linking encoding iso_8859_13.so
compiling ./enc/iso_8859_14.c
linking encoding iso_8859_14.so
compiling ./enc/iso_8859_15.c
linking encoding iso_8859_15.so
compiling ./enc/iso_8859_16.c
linking encoding iso_8859_16.so
compiling ./enc/koi8_r.c
linking encoding koi8_r.so
compiling ./enc/koi8_u.c
linking encoding koi8_u.so
compiling ./enc/shift_jis.c
linking encoding shift_jis.so
compiling ./enc/utf_16be.c
linking encoding utf_16be.so
compiling ./enc/utf_16le.c
linking encoding utf_16le.so
compiling ./enc/utf_32be.c
linking encoding utf_32be.so
compiling ./enc/utf_32le.c
linking encoding utf_32le.so
compiling ./enc/windows_31j.c
linking encoding windows_31j.so
compiling ./enc/windows_1251.c
linking encoding windows_1251.so
make[1]: Leaving directory `/home/vagrant/.rvm/src/ruby-2.1.5'
making srcs under enc
make[1]: Entering directory `/home/vagrant/.rvm/src/ruby-2.1.5'
make[1]: Nothing to be done for `srcs'.
make[1]: Leaving directory `/home/vagrant/.rvm/src/ruby-2.1.5'
generating transdb.h
transdb.h unchanged
making trans
make[1]: Entering directory `/home/vagrant/.rvm/src/ruby-2.1.5'
compiling ./enc/trans/transdb.c
linking transcoder transdb.so
compiling ./enc/trans/big5.c
linking transcoder big5.so
compiling ./enc/trans/chinese.c
linking transcoder chinese.so
compiling ./enc/trans/emoji.c
linking transcoder emoji.so
compiling ./enc/trans/emoji_iso2022_kddi.c
linking transcoder emoji_iso2022_kddi.so
compiling ./enc/trans/emoji_sjis_docomo.c
linking transcoder emoji_sjis_docomo.so
compiling ./enc/trans/emoji_sjis_kddi.c
linking transcoder emoji_sjis_kddi.so
compiling ./enc/trans/emoji_sjis_softbank.c
linking transcoder emoji_sjis_softbank.so
compiling ./enc/trans/escape.c
linking transcoder escape.so
compiling ./enc/trans/gb18030.c
linking transcoder gb18030.so
compiling ./enc/trans/gbk.c
linking transcoder gbk.so
compiling ./enc/trans/iso2022.c
linking transcoder iso2022.so
compiling ./enc/trans/japanese.c
linking transcoder japanese.so
compiling ./enc/trans/japanese_euc.c
linking transcoder japanese_euc.so
compiling ./enc/trans/japanese_sjis.c
linking transcoder japanese_sjis.so
compiling ./enc/trans/korean.c
linking transcoder korean.so
compiling ./enc/trans/single_byte.c
linking transcoder single_byte.so
compiling ./enc/trans/utf8_mac.c
linking transcoder utf8_mac.so
compiling ./enc/trans/utf_16_32.c
linking transcoder utf_16_32.so
make[1]: Leaving directory `/home/vagrant/.rvm/src/ruby-2.1.5'
making encs
make[1]: Entering directory `/home/vagrant/.rvm/src/ruby-2.1.5'
make[1]: Leaving directory `/home/vagrant/.rvm/src/ruby-2.1.5'
generating makefile exts.mk
configuring -test-/array/resize
configuring -test-/bignum
configuring -test-/bug-3571
configuring -test-/bug-3662
configuring -test-/bug-5832
configuring -test-/bug_reporter
configuring -test-/class
configuring -test-/debug
configuring -test-/exception
configuring -test-/fatal
configuring -test-/file
configuring -test-/funcall
configuring -test-/iter
configuring -test-/load/dot.dot
configuring -test-/marshal/compat
configuring -test-/marshal/usr
configuring -test-/method
configuring -test-/num2int
configuring -test-/old_thread_select
configuring -test-/path_to_class
configuring -test-/postponed_job
configuring -test-/printf
configuring -test-/rational
configuring -test-/recursion
configuring -test-/st/numhash
configuring -test-/st/update
configuring -test-/string
configuring -test-/struct
configuring -test-/symbol
configuring -test-/tracepoint
configuring -test-/typeddata
configuring -test-/wait_for_single_fd
configuring -test-/win32/dln
Failed to configure -test-/win32/dln. It will not be installed.
configuring -test-/win32/dln/empty
Failed to configure -test-/win32/dln/empty. It will not be installed.
configuring -test-/win32/fd_setsize
Failed to configure -test-/win32/fd_setsize. It will not be installed.
configuring bigdecimal
configuring continuation
configuring coverage
configuring date
configuring dbm
header: gdbm-ndbm.h
library: gdbm_compat
configuring digest
configuring digest/bubblebabble
configuring digest/md5
configuring digest/rmd160
configuring digest/sha1
configuring digest/sha2
configuring dl
configuring dl/callback
configuring etc
configuring fcntl
configuring fiber
configuring fiddle
configuring gdbm
configuring io/console
configuring io/nonblock
configuring io/wait
configuring json
configuring json/generator
configuring json/parser
configuring mathn/complex
configuring mathn/rational
configuring nkf
configuring objspace
configuring openssl
configuring pathname
configuring psych
configuring pty
configuring racc/cparse
configuring rbconfig/sizeof
configuring readline
configuring ripper
configuring sdbm
configuring socket
configuring stringio
configuring strscan
configuring syslog
configuring thread
configuring tk
...........
check struct members..
check libraries....
Use ActiveTcl libraries (if available).
Search tclConfig.sh and tkConfig.sh..............................
Fail to find [tclConfig.sh, tkConfig.sh]
Use X11 libraries (or use TK_XINCLUDES/TK_XLIBSW information on tkConfig.sh).
Warning:: cannot find X11 library. tcltklib will not be compiled (tcltklib is disabled on your Ruby. That is, Ruby/Tk will not work). Please check configure options. If your Tcl/Tk don't require X11, please try --without-X11.
Can't find X11 libraries. 
So, can't make tcltklib.so which is required by Ruby/Tk.
Failed to configure tk. It will not be installed.
configuring tk/tkutil
Failed to configure tk/tkutil. It will not be installed.
configuring win32
Failed to configure win32. It will not be installed.
configuring win32ole
Failed to configure win32ole. It will not be installed.
configuring zlib
make[1]: Entering directory `/home/vagrant/.rvm/src/ruby-2.1.5'
make[2]: Entering directory `/home/vagrant/.rvm/src/ruby-2.1.5/ext/-test-/array/resize'
compiling resize.c
linking shared-object -test-/array/resize.so
installing default resize libraries
make[2]: Leaving directory `/home/vagrant/.rvm/src/ruby-2.1.5/ext/-test-/array/resize'
make[2]: Entering directory `/home/vagrant/.rvm/src/ruby-2.1.5/ext/-test-/bignum'
compiling intpack.c
compiling div.c
compiling str2big.c
compiling mul.c
compiling init.c
compiling big2str.c
compiling bigzero.c
linking shared-object -test-/bignum.so
installing default bignum libraries
make[2]: Leaving directory `/home/vagrant/.rvm/src/ruby-2.1.5/ext/-test-/bignum'
make[2]: Entering directory `/home/vagrant/.rvm/src/ruby-2.1.5/ext/-test-/bug-3571'
compiling bug.c
linking shared-object -test-/bug-3571/bug.so
installing default bug libraries
make[2]: Leaving directory `/home/vagrant/.rvm/src/ruby-2.1.5/ext/-test-/bug-3571'
make[2]: Entering directory `/home/vagrant/.rvm/src/ruby-2.1.5/ext/-test-/bug-3662'
compiling bug.c
linking shared-object -test-/bug-3662/bug.so
installing default bug libraries
make[2]: Leaving directory `/home/vagrant/.rvm/src/ruby-2.1.5/ext/-test-/bug-3662'
make[2]: Entering directory `/home/vagrant/.rvm/src/ruby-2.1.5/ext/-test-/bug-5832'
compiling bug.c
linking shared-object -test-/bug-5832/bug.so
installing default bug libraries
make[2]: Leaving directory `/home/vagrant/.rvm/src/ruby-2.1.5/ext/-test-/bug-5832'
make[2]: Entering directory `/home/vagrant/.rvm/src/ruby-2.1.5/ext/-test-/bug_reporter'
compiling bug_reporter.c
linking shared-object -test-/bug_reporter/bug_reporter.so
installing default bug_reporter libraries
make[2]: Leaving directory `/home/vagrant/.rvm/src/ruby-2.1.5/ext/-test-/bug_reporter'
make[2]: Entering directory `/home/vagrant/.rvm/src/ruby-2.1.5/ext/-test-/class'
compiling class2name.c
compiling init.c
linking shared-object -test-/class.so
installing default class libraries
make[2]: Leaving directory `/home/vagrant/.rvm/src/ruby-2.1.5/ext/-test-/class'
make[2]: Entering directory `/home/vagrant/.rvm/src/ruby-2.1.5/ext/-test-/debug'
compiling inspector.c
compiling profile_frames.c
compiling init.c
linking shared-object -test-/debug.so
installing default debug libraries
make[2]: Leaving directory `/home/vagrant/.rvm/src/ruby-2.1.5/ext/-test-/debug'
make[2]: Entering directory `/home/vagrant/.rvm/src/ruby-2.1.5/ext/-test-/exception'
compiling dataerror.c
compiling ensured.c
compiling init.c
compiling enc_raise.c
linking shared-object -test-/exception.so
installing default exception libraries
make[2]: Leaving directory `/home/vagrant/.rvm/src/ruby-2.1.5/ext/-test-/exception'
make[2]: Entering directory `/home/vagrant/.rvm/src/ruby-2.1.5/ext/-test-/fatal'
compiling rb_fatal.c
linking shared-object -test-/fatal/rb_fatal.so
installing default rb_fatal libraries
make[2]: Leaving directory `/home/vagrant/.rvm/src/ruby-2.1.5/ext/-test-/fatal'
make[2]: Entering directory `/home/vagrant/.rvm/src/ruby-2.1.5/ext/-test-/file'
compiling init.c
compiling stat.c
linking shared-object -test-/file.so
installing default file libraries
make[2]: Leaving directory `/home/vagrant/.rvm/src/ruby-2.1.5/ext/-test-/file'
make[2]: Entering directory `/home/vagrant/.rvm/src/ruby-2.1.5/ext/-test-/funcall'
compiling passing_block.c
linking shared-object -test-/funcall/funcall.so
installing default funcall libraries
make[2]: Leaving directory `/home/vagrant/.rvm/src/ruby-2.1.5/ext/-test-/funcall'
make[2]: Entering directory `/home/vagrant/.rvm/src/ruby-2.1.5/ext/-test-/iter'
compiling yield.c
compiling break.c
compiling init.c
linking shared-object -test-/iter.so
installing default iter libraries
make[2]: Leaving directory `/home/vagrant/.rvm/src/ruby-2.1.5/ext/-test-/iter'
make[2]: Entering directory `/home/vagrant/.rvm/src/ruby-2.1.5/ext/-test-/load/dot.dot'
compiling dot.dot.c
linking shared-object -test-/load/dot.dot/dot.dot.so
installing default dot.dot libraries
make[2]: Leaving directory `/home/vagrant/.rvm/src/ruby-2.1.5/ext/-test-/load/dot.dot'
make[2]: Entering directory `/home/vagrant/.rvm/src/ruby-2.1.5/ext/-test-/marshal/compat'
compiling usrcompat.c
linking shared-object -test-/marshal/compat.so
installing default compat libraries
make[2]: Leaving directory `/home/vagrant/.rvm/src/ruby-2.1.5/ext/-test-/marshal/compat'
make[2]: Entering directory `/home/vagrant/.rvm/src/ruby-2.1.5/ext/-test-/marshal/usr'
compiling usrmarshal.c
linking shared-object -test-/marshal/usr.so
installing default usr libraries
make[2]: Leaving directory `/home/vagrant/.rvm/src/ruby-2.1.5/ext/-test-/marshal/usr'
make[2]: Entering directory `/home/vagrant/.rvm/src/ruby-2.1.5/ext/-test-/method'
compiling arity.c
compiling init.c
linking shared-object -test-/method.so
installing default method libraries
make[2]: Leaving directory `/home/vagrant/.rvm/src/ruby-2.1.5/ext/-test-/method'
make[2]: Entering directory `/home/vagrant/.rvm/src/ruby-2.1.5/ext/-test-/num2int'
compiling num2int.c
linking shared-object -test-/num2int/num2int.so
installing default num2int libraries
make[2]: Leaving directory `/home/vagrant/.rvm/src/ruby-2.1.5/ext/-test-/num2int'
make[2]: Entering directory `/home/vagrant/.rvm/src/ruby-2.1.5/ext/-test-/old_thread_select'
compiling old_thread_select.c
linking shared-object -test-/old_thread_select/old_thread_select.so
installing default old_thread_select libraries
make[2]: Leaving directory `/home/vagrant/.rvm/src/ruby-2.1.5/ext/-test-/old_thread_select'
make[2]: Entering directory `/home/vagrant/.rvm/src/ruby-2.1.5/ext/-test-/path_to_class'
compiling path_to_class.c
linking shared-object -test-/path_to_class/path_to_class.so
installing default path_to_class libraries
make[2]: Leaving directory `/home/vagrant/.rvm/src/ruby-2.1.5/ext/-test-/path_to_class'
make[2]: Entering directory `/home/vagrant/.rvm/src/ruby-2.1.5/ext/-test-/postponed_job'
compiling postponed_job.c
linking shared-object -test-/postponed_job.so
installing default postponed_job libraries
make[2]: Leaving directory `/home/vagrant/.rvm/src/ruby-2.1.5/ext/-test-/postponed_job'
make[2]: Entering directory `/home/vagrant/.rvm/src/ruby-2.1.5/ext/-test-/printf'
compiling printf.c
printf.c: In function ‘printf_test_call’:
printf.c:93:9: warning: ‘s’ may be used uninitialized in this function [-Wmaybe-uninitialized]
  result = rb_enc_sprintf(rb_usascii_encoding(), format, s);
         ^
printf.c:96:9: warning: ‘n’ may be used uninitialized in this function [-Wmaybe-uninitialized]
  result = rb_enc_sprintf(rb_usascii_encoding(), format, n);
         ^
linking shared-object -test-/printf.so
installing default printf libraries
make[2]: Leaving directory `/home/vagrant/.rvm/src/ruby-2.1.5/ext/-test-/printf'
make[2]: Entering directory `/home/vagrant/.rvm/src/ruby-2.1.5/ext/-test-/rational'
compiling rat.c
linking shared-object -test-/rational.so
installing default rational libraries
make[2]: Leaving directory `/home/vagrant/.rvm/src/ruby-2.1.5/ext/-test-/rational'
make[2]: Entering directory `/home/vagrant/.rvm/src/ruby-2.1.5/ext/-test-/recursion'
compiling recursion.c
linking shared-object -test-/recursion.so
installing default recursion libraries
make[2]: Leaving directory `/home/vagrant/.rvm/src/ruby-2.1.5/ext/-test-/recursion'
make[2]: Entering directory `/home/vagrant/.rvm/src/ruby-2.1.5/ext/-test-/st/numhash'
compiling numhash.c
linking shared-object -test-/st/numhash.so
installing default numhash libraries
make[2]: Leaving directory `/home/vagrant/.rvm/src/ruby-2.1.5/ext/-test-/st/numhash'
make[2]: Entering directory `/home/vagrant/.rvm/src/ruby-2.1.5/ext/-test-/st/update'
compiling update.c
linking shared-object -test-/st/update.so
installing default update libraries
make[2]: Leaving directory `/home/vagrant/.rvm/src/ruby-2.1.5/ext/-test-/st/update'
make[2]: Entering directory `/home/vagrant/.rvm/src/ruby-2.1.5/ext/-test-/string'
compiling coderange.c
compiling ellipsize.c
compiling normalize.c
compiling enc_str_buf_cat.c
compiling cstr.c
compiling init.c
compiling enc_associate.c
compiling modify.c
compiling qsort.c
compiling set_len.c
linking shared-object -test-/string/string.so
installing default string libraries
make[2]: Leaving directory `/home/vagrant/.rvm/src/ruby-2.1.5/ext/-test-/string'
make[2]: Entering directory `/home/vagrant/.rvm/src/ruby-2.1.5/ext/-test-/struct'
compiling init.c
compiling member.c
linking shared-object -test-/struct.so
installing default struct libraries
make[2]: Leaving directory `/home/vagrant/.rvm/src/ruby-2.1.5/ext/-test-/struct'
make[2]: Entering directory `/home/vagrant/.rvm/src/ruby-2.1.5/ext/-test-/symbol'
compiling type.c
compiling intern.c
compiling init.c
linking shared-object -test-/symbol.so
installing default symbol libraries
make[2]: Leaving directory `/home/vagrant/.rvm/src/ruby-2.1.5/ext/-test-/symbol'
make[2]: Entering directory `/home/vagrant/.rvm/src/ruby-2.1.5/ext/-test-/tracepoint'
compiling gc_hook.c
compiling tracepoint.c
linking shared-object -test-/tracepoint.so
installing default tracepoint libraries
make[2]: Leaving directory `/home/vagrant/.rvm/src/ruby-2.1.5/ext/-test-/tracepoint'
make[2]: Entering directory `/home/vagrant/.rvm/src/ruby-2.1.5/ext/-test-/typeddata'
compiling typeddata.c
linking shared-object -test-/typeddata/typeddata.so
installing default typeddata libraries
make[2]: Leaving directory `/home/vagrant/.rvm/src/ruby-2.1.5/ext/-test-/typeddata'
make[2]: Entering directory `/home/vagrant/.rvm/src/ruby-2.1.5/ext/-test-/wait_for_single_fd'
compiling wait_for_single_fd.c
linking shared-object -test-/wait_for_single_fd/wait_for_single_fd.so
installing default wait_for_single_fd libraries
make[2]: Leaving directory `/home/vagrant/.rvm/src/ruby-2.1.5/ext/-test-/wait_for_single_fd'
make[2]: Entering directory `/home/vagrant/.rvm/src/ruby-2.1.5/ext/-test-/win32/dln'
make[2]: Nothing to be done for `all'.
make[2]: Leaving directory `/home/vagrant/.rvm/src/ruby-2.1.5/ext/-test-/win32/dln'
make[2]: Entering directory `/home/vagrant/.rvm/src/ruby-2.1.5/ext/-test-/win32/dln/empty'
make[2]: Nothing to be done for `all'.
make[2]: Leaving directory `/home/vagrant/.rvm/src/ruby-2.1.5/ext/-test-/win32/dln/empty'
make[2]: Entering directory `/home/vagrant/.rvm/src/ruby-2.1.5/ext/-test-/win32/fd_setsize'
make[2]: Nothing to be done for `all'.
make[2]: Leaving directory `/home/vagrant/.rvm/src/ruby-2.1.5/ext/-test-/win32/fd_setsize'
make[2]: Entering directory `/home/vagrant/.rvm/src/ruby-2.1.5/ext/bigdecimal'
compiling bigdecimal.c
linking shared-object bigdecimal.so
installing default bigdecimal libraries
make[2]: Leaving directory `/home/vagrant/.rvm/src/ruby-2.1.5/ext/bigdecimal'
make[2]: Entering directory `/home/vagrant/.rvm/src/ruby-2.1.5/ext/continuation'
compiling continuation.c
linking shared-object continuation.so
installing default continuation libraries
make[2]: Leaving directory `/home/vagrant/.rvm/src/ruby-2.1.5/ext/continuation'
make[2]: Entering directory `/home/vagrant/.rvm/src/ruby-2.1.5/ext/coverage'
compiling coverage.c
linking shared-object coverage.so
installing default coverage libraries
make[2]: Leaving directory `/home/vagrant/.rvm/src/ruby-2.1.5/ext/coverage'
make[2]: Entering directory `/home/vagrant/.rvm/src/ruby-2.1.5/ext/date'
compiling date_parse.c
compiling date_strftime.c
compiling date_strptime.c
compiling date_core.c
linking shared-object date_core.so
installing default date_core libraries
make[2]: Leaving directory `/home/vagrant/.rvm/src/ruby-2.1.5/ext/date'
make[2]: Entering directory `/home/vagrant/.rvm/src/ruby-2.1.5/ext/dbm'
compiling dbm.c
linking shared-object dbm.so
installing default dbm libraries
make[2]: Leaving directory `/home/vagrant/.rvm/src/ruby-2.1.5/ext/dbm'
make[2]: Entering directory `/home/vagrant/.rvm/src/ruby-2.1.5/ext/digest'
compiling digest.c
linking shared-object digest.so
installing digest libraries
installing default digest libraries
make[2]: Leaving directory `/home/vagrant/.rvm/src/ruby-2.1.5/ext/digest'
make[2]: Entering directory `/home/vagrant/.rvm/src/ruby-2.1.5/ext/digest/bubblebabble'
compiling bubblebabble.c
linking shared-object digest/bubblebabble.so
installing default bubblebabble libraries
make[2]: Leaving directory `/home/vagrant/.rvm/src/ruby-2.1.5/ext/digest/bubblebabble'
make[2]: Entering directory `/home/vagrant/.rvm/src/ruby-2.1.5/ext/digest/md5'
compiling md5init.c
compiling md5ossl.c
linking shared-object digest/md5.so
installing default md5 libraries
make[2]: Leaving directory `/home/vagrant/.rvm/src/ruby-2.1.5/ext/digest/md5'
make[2]: Entering directory `/home/vagrant/.rvm/src/ruby-2.1.5/ext/digest/rmd160'
compiling rmd160init.c
compiling rmd160.c
linking shared-object digest/rmd160.so
installing default rmd160 libraries
make[2]: Leaving directory `/home/vagrant/.rvm/src/ruby-2.1.5/ext/digest/rmd160'
make[2]: Entering directory `/home/vagrant/.rvm/src/ruby-2.1.5/ext/digest/sha1'
compiling sha1init.c
compiling sha1ossl.c
linking shared-object digest/sha1.so
installing default sha1 libraries
make[2]: Leaving directory `/home/vagrant/.rvm/src/ruby-2.1.5/ext/digest/sha1'
make[2]: Entering directory `/home/vagrant/.rvm/src/ruby-2.1.5/ext/digest/sha2'
compiling sha2init.c
compiling sha2ossl.c
linking shared-object digest/sha2.so
installing default sha2 libraries
make[2]: Leaving directory `/home/vagrant/.rvm/src/ruby-2.1.5/ext/digest/sha2'
make[2]: Entering directory `/home/vagrant/.rvm/src/ruby-2.1.5/ext/dl'
compiling cfunc.c
compiling cptr.c
compiling handle.c
compiling dl.c
linking shared-object dl.so
installing dl libraries
installing default dl libraries
make[2]: Leaving directory `/home/vagrant/.rvm/src/ruby-2.1.5/ext/dl'
make[2]: Entering directory `/home/vagrant/.rvm/src/ruby-2.1.5/ext/dl/callback'
compiling callback.c
compiling callback-0.c
compiling callback-1.c
compiling callback-2.c
compiling callback-3.c
compiling callback-4.c
compiling callback-5.c
compiling callback-6.c
compiling callback-7.c
compiling callback-8.c
linking shared-object dl/callback.so
installing default callback libraries
make[2]: Leaving directory `/home/vagrant/.rvm/src/ruby-2.1.5/ext/dl/callback'
make[2]: Entering directory `/home/vagrant/.rvm/src/ruby-2.1.5/ext/etc'
compiling etc.c
linking shared-object etc.so
installing default etc libraries
make[2]: Leaving directory `/home/vagrant/.rvm/src/ruby-2.1.5/ext/etc'
make[2]: Entering directory `/home/vagrant/.rvm/src/ruby-2.1.5/ext/fcntl'
compiling fcntl.c
linking shared-object fcntl.so
installing default fcntl libraries
make[2]: Leaving directory `/home/vagrant/.rvm/src/ruby-2.1.5/ext/fcntl'
make[2]: Entering directory `/home/vagrant/.rvm/src/ruby-2.1.5/ext/fiber'
compiling fiber.c
linking shared-object fiber.so
installing default fiber libraries
make[2]: Leaving directory `/home/vagrant/.rvm/src/ruby-2.1.5/ext/fiber'
make[2]: Entering directory `/home/vagrant/.rvm/src/ruby-2.1.5/ext/fiddle'
compiling fiddle.c
compiling function.c
compiling handle.c
compiling pointer.c
compiling conversions.c
compiling closure.c
linking shared-object fiddle.so
installing default fiddle libraries
make[2]: Leaving directory `/home/vagrant/.rvm/src/ruby-2.1.5/ext/fiddle'
make[2]: Entering directory `/home/vagrant/.rvm/src/ruby-2.1.5/ext/gdbm'
compiling gdbm.c
linking shared-object gdbm.so
installing default gdbm libraries
make[2]: Leaving directory `/home/vagrant/.rvm/src/ruby-2.1.5/ext/gdbm'
make[2]: Entering directory `/home/vagrant/.rvm/src/ruby-2.1.5/ext/io/console'
compiling console.c
linking shared-object io/console.so
installing default console libraries
make[2]: Leaving directory `/home/vagrant/.rvm/src/ruby-2.1.5/ext/io/console'
make[2]: Entering directory `/home/vagrant/.rvm/src/ruby-2.1.5/ext/io/nonblock'
compiling nonblock.c
linking shared-object io/nonblock.so
installing default nonblock libraries
make[2]: Leaving directory `/home/vagrant/.rvm/src/ruby-2.1.5/ext/io/nonblock'
make[2]: Entering directory `/home/vagrant/.rvm/src/ruby-2.1.5/ext/io/wait'
compiling wait.c
linking shared-object io/wait.so
installing default wait libraries
make[2]: Leaving directory `/home/vagrant/.rvm/src/ruby-2.1.5/ext/io/wait'
make[2]: Entering directory `/home/vagrant/.rvm/src/ruby-2.1.5/ext/json'
installing default libraries
make[2]: Leaving directory `/home/vagrant/.rvm/src/ruby-2.1.5/ext/json'
make[2]: Entering directory `/home/vagrant/.rvm/src/ruby-2.1.5/ext/json/generator'
compiling generator.c
linking shared-object json/ext/generator.so
installing default generator libraries
make[2]: Leaving directory `/home/vagrant/.rvm/src/ruby-2.1.5/ext/json/generator'
make[2]: Entering directory `/home/vagrant/.rvm/src/ruby-2.1.5/ext/json/parser'
compiling parser.c
linking shared-object json/ext/parser.so
installing default parser libraries
make[2]: Leaving directory `/home/vagrant/.rvm/src/ruby-2.1.5/ext/json/parser'
make[2]: Entering directory `/home/vagrant/.rvm/src/ruby-2.1.5/ext/mathn/complex'
compiling complex.c
linking shared-object mathn/complex.so
installing default complex libraries
make[2]: Leaving directory `/home/vagrant/.rvm/src/ruby-2.1.5/ext/mathn/complex'
make[2]: Entering directory `/home/vagrant/.rvm/src/ruby-2.1.5/ext/mathn/rational'
compiling rational.c
linking shared-object mathn/rational.so
installing default rational libraries
make[2]: Leaving directory `/home/vagrant/.rvm/src/ruby-2.1.5/ext/mathn/rational'
make[2]: Entering directory `/home/vagrant/.rvm/src/ruby-2.1.5/ext/nkf'
compiling nkf.c
linking shared-object nkf.so
installing default nkf libraries
make[2]: Leaving directory `/home/vagrant/.rvm/src/ruby-2.1.5/ext/nkf'
make[2]: Entering directory `/home/vagrant/.rvm/src/ruby-2.1.5/ext/objspace'
compiling object_tracing.c
compiling objspace_dump.c
compiling objspace.c
linking shared-object objspace.so
installing default objspace libraries
make[2]: Leaving directory `/home/vagrant/.rvm/src/ruby-2.1.5/ext/objspace'
make[2]: Entering directory `/home/vagrant/.rvm/src/ruby-2.1.5/ext/openssl'
compiling ossl_config.c
compiling ossl_bio.c
compiling ossl_ssl.c
compiling ossl_ocsp.c
compiling ossl_engine.c
compiling ossl_x509ext.c
compiling ossl_pkcs12.c
compiling ossl_ns_spki.c
compiling ossl_pkcs7.c
compiling ossl_pkey_dsa.c
compiling ossl_pkey_rsa.c
compiling ossl_pkey_ec.c
compiling ossl_pkcs5.c
compiling ossl_rand.c
compiling ossl_digest.c
compiling ossl_x509revoked.c
compiling ossl_ssl_session.c
compiling ossl_bn.c
compiling ossl_cipher.c
compiling ossl_x509req.c
compiling ossl_pkey.c
compiling ossl_x509store.c
compiling ossl_hmac.c
compiling ossl_x509cert.c
compiling openssl_missing.c
compiling ossl_asn1.c
compiling ossl_x509name.c
compiling ossl_x509crl.c
compiling ossl_x509attr.c
compiling ossl.c
compiling ossl_x509.c
compiling ossl_pkey_dh.c
linking shared-object openssl.so
installing default openssl libraries
make[2]: Leaving directory `/home/vagrant/.rvm/src/ruby-2.1.5/ext/openssl'
make[2]: Entering directory `/home/vagrant/.rvm/src/ruby-2.1.5/ext/pathname'
compiling pathname.c
linking shared-object pathname.so
installing default pathname libraries
make[2]: Leaving directory `/home/vagrant/.rvm/src/ruby-2.1.5/ext/pathname'
make[2]: Entering directory `/home/vagrant/.rvm/src/ruby-2.1.5/ext/psych'
compiling psych.c
compiling psych_to_ruby.c
compiling psych_emitter.c
compiling psych_yaml_tree.c
compiling psych_parser.c
linking shared-object psych.so
installing default psych libraries
make[2]: Leaving directory `/home/vagrant/.rvm/src/ruby-2.1.5/ext/psych'
make[2]: Entering directory `/home/vagrant/.rvm/src/ruby-2.1.5/ext/pty'
compiling pty.c
linking shared-object pty.so
installing default pty libraries
make[2]: Leaving directory `/home/vagrant/.rvm/src/ruby-2.1.5/ext/pty'
make[2]: Entering directory `/home/vagrant/.rvm/src/ruby-2.1.5/ext/racc/cparse'
compiling cparse.c
linking shared-object racc/cparse.so
installing default cparse libraries
make[2]: Leaving directory `/home/vagrant/.rvm/src/ruby-2.1.5/ext/racc/cparse'
make[2]: Entering directory `/home/vagrant/.rvm/src/ruby-2.1.5/ext/rbconfig/sizeof'
compiling sizes.c
linking shared-object rbconfig/sizeof.so
installing default sizeof libraries
make[2]: Leaving directory `/home/vagrant/.rvm/src/ruby-2.1.5/ext/rbconfig/sizeof'
make[2]: Entering directory `/home/vagrant/.rvm/src/ruby-2.1.5/ext/readline'
compiling readline.c
linking shared-object readline.so
installing default readline libraries
make[2]: Leaving directory `/home/vagrant/.rvm/src/ruby-2.1.5/ext/readline'
make[2]: Entering directory `/home/vagrant/.rvm/src/ruby-2.1.5/ext/ripper'
compiling ripper.c
linking shared-object ripper.so
installing default ripper libraries
checking ../.././parse.y and ../.././ext/ripper/eventids2.c
make[2]: Leaving directory `/home/vagrant/.rvm/src/ruby-2.1.5/ext/ripper'
make[2]: Entering directory `/home/vagrant/.rvm/src/ruby-2.1.5/ext/sdbm'
compiling init.c
compiling _sdbm.c
linking shared-object sdbm.so
installing default sdbm libraries
make[2]: Leaving directory `/home/vagrant/.rvm/src/ruby-2.1.5/ext/sdbm'
make[2]: Entering directory `/home/vagrant/.rvm/src/ruby-2.1.5/ext/socket'
generating constant definitions
compiling init.c
compiling constants.c
compiling basicsocket.c
compiling socket.c
compiling ipsocket.c
compiling tcpsocket.c
compiling tcpserver.c
compiling sockssocket.c
compiling udpsocket.c
compiling unixsocket.c
compiling unixserver.c
compiling option.c
compiling ancdata.c
compiling raddrinfo.c
compiling ifaddr.c
linking shared-object socket.so
installing default socket libraries
make[2]: Leaving directory `/home/vagrant/.rvm/src/ruby-2.1.5/ext/socket'
make[2]: Entering directory `/home/vagrant/.rvm/src/ruby-2.1.5/ext/stringio'
compiling stringio.c
linking shared-object stringio.so
installing default stringio libraries
make[2]: Leaving directory `/home/vagrant/.rvm/src/ruby-2.1.5/ext/stringio'
make[2]: Entering directory `/home/vagrant/.rvm/src/ruby-2.1.5/ext/strscan'
compiling strscan.c
linking shared-object strscan.so
installing default strscan libraries
make[2]: Leaving directory `/home/vagrant/.rvm/src/ruby-2.1.5/ext/strscan'
make[2]: Entering directory `/home/vagrant/.rvm/src/ruby-2.1.5/ext/syslog'
compiling syslog.c
linking shared-object syslog.so
installing default syslog libraries
make[2]: Leaving directory `/home/vagrant/.rvm/src/ruby-2.1.5/ext/syslog'
make[2]: Entering directory `/home/vagrant/.rvm/src/ruby-2.1.5/ext/thread'
compiling thread.c
linking shared-object thread.so
installing default thread libraries
make[2]: Leaving directory `/home/vagrant/.rvm/src/ruby-2.1.5/ext/thread'
make[2]: Entering directory `/home/vagrant/.rvm/src/ruby-2.1.5/ext/tk'
make[2]: Nothing to be done for `all'.
make[2]: Leaving directory `/home/vagrant/.rvm/src/ruby-2.1.5/ext/tk'
make[2]: Entering directory `/home/vagrant/.rvm/src/ruby-2.1.5/ext/tk/tkutil'
make[2]: Nothing to be done for `all'.
make[2]: Leaving directory `/home/vagrant/.rvm/src/ruby-2.1.5/ext/tk/tkutil'
make[2]: Entering directory `/home/vagrant/.rvm/src/ruby-2.1.5/ext/win32'
make[2]: Nothing to be done for `all'.
make[2]: Leaving directory `/home/vagrant/.rvm/src/ruby-2.1.5/ext/win32'
make[2]: Entering directory `/home/vagrant/.rvm/src/ruby-2.1.5/ext/win32ole'
make[2]: Nothing to be done for `all'.
make[2]: Leaving directory `/home/vagrant/.rvm/src/ruby-2.1.5/ext/win32ole'
make[2]: Entering directory `/home/vagrant/.rvm/src/ruby-2.1.5/ext/zlib'
compiling zlib.c
linking shared-object zlib.so
installing default zlib libraries
make[2]: Leaving directory `/home/vagrant/.rvm/src/ruby-2.1.5/ext/zlib'
make[2]: Entering directory `/home/vagrant/.rvm/src/ruby-2.1.5'
linking shared-library libruby.so.2.1.0
linking ruby
make[2]: Leaving directory `/home/vagrant/.rvm/src/ruby-2.1.5'
make[1]: Leaving directory `/home/vagrant/.rvm/src/ruby-2.1.5'
