[2015-06-03 06:44:30] __rvm_package_extract
__rvm_package_extract () 
{ 
    rvm_debug __rvm_package_extract:$#: "$@";
    \typeset __tempdir __path __file __return;
    __return=0;
    __tempdir="$( TMPDIR="${rvm_tmp_path}" mktemp -d -t rvm-tmp.XXXXXXXXX )";
    __rvm_package_extract_run "$1" "$__tempdir" || __return=$?;
    if (( __return == 0 )); then
        for __path in "$__tempdir"/*;
        do
            __file="${__path##*/}";
            if [[ -n "${__file}" && -e "$2/${__file}" ]]; then
                \command \rm -rf "$2/${__file}" || __return=$?;
            fi;
            \command \mv -f "${__path}" "$2/" || __return=$?;
        done;
    fi;
    if [[ -n "$__tempdir" ]]; then
        \command \rm -rf "$__tempdir";
    fi;
    return $__return
}
current path: /home/vagrant/.rvm/src/ruby-2.1.5
GEM_HOME=/home/vagrant/.rvm/gems/ruby-2.2.1
PATH=/home/vagrant/.rvm/gems/ruby-2.2.1/bin:/home/vagrant/.rvm/gems/ruby-2.2.1@global/bin:/home/vagrant/.rvm/rubies/ruby-2.2.1/bin:/usr/local/sbin:/usr/local/bin:/usr/sbin:/usr/bin:/sbin:/bin:/usr/games:/usr/local/games:/home/vagrant/.rvm/bin:/home/vagrant/.rvm/bin
GEM_PATH=/home/vagrant/.rvm/gems/ruby-2.2.1:/home/vagrant/.rvm/gems/ruby-2.2.1@global
command(3): __rvm_package_extract /home/vagrant/.rvm/archives/rubygems-2.4.7.tgz /home/vagrant/.rvm/src
++ rvm_debug __rvm_package_extract:2: /home/vagrant/.rvm/archives/rubygems-2.4.7.tgz /home/vagrant/.rvm/src
++ ((  0  ))
++ return 0
++ typeset __tempdir __path __file __return
++ __return=0
+++ TMPDIR=/home/vagrant/.rvm/tmp
+++ mktemp -d -t rvm-tmp.XXXXXXXXX
++ __tempdir=/home/vagrant/.rvm/tmp/rvm-tmp.UjXp6mkMd
++ __rvm_package_extract_run /home/vagrant/.rvm/archives/rubygems-2.4.7.tgz /home/vagrant/.rvm/tmp/rvm-tmp.UjXp6mkMd
++ [[    != *\ \-\-\n\o\-\s\a\m\e\-\o\w\n\e\r\ * ]]
++ __rvm_grep -- --no-same-owner
++ GREP_OPTIONS=
++ __rvm_tar --help
++ command grep -- --no-same-owner
++ grep -- --no-same-owner
++ rvm_tar_options=--no-same-owner
++ [[ -d /home/vagrant/.rvm/tmp/rvm-tmp.UjXp6mkMd ]]
++ case "$1" in
++ [[ -n '' ]]
++ __rvm_tar xzf /home/vagrant/.rvm/archives/rubygems-2.4.7.tgz -C /home/vagrant/.rvm/tmp/rvm-tmp.UjXp6mkMd --no-same-owner
++ tar xzf /home/vagrant/.rvm/archives/rubygems-2.4.7.tgz -C /home/vagrant/.rvm/tmp/rvm-tmp.UjXp6mkMd --no-same-owner
++ __rvm_fix_group_permissions /home/vagrant/.rvm/tmp/rvm-tmp.UjXp6mkMd/rubygems-2.4.7
++ __rvm_grep g=rw
++ GREP_OPTIONS=
++ umask -S
++ command grep g=rw
++ grep g=rw
++ chmod -R g+rwX /home/vagrant/.rvm/tmp/rvm-tmp.UjXp6mkMd/rubygems-2.4.7
++ ((  __return == 0  ))
++ for __path in '"$__tempdir"/*'
++ __file=rubygems-2.4.7
++ [[ -n rubygems-2.4.7 ]]
++ [[ -e /home/vagrant/.rvm/src/rubygems-2.4.7 ]]
++ command rm -rf /home/vagrant/.rvm/src/rubygems-2.4.7
++ rm -rf /home/vagrant/.rvm/src/rubygems-2.4.7
++ command mv -f /home/vagrant/.rvm/tmp/rvm-tmp.UjXp6mkMd/rubygems-2.4.7 /home/vagrant/.rvm/src/
++ mv -f /home/vagrant/.rvm/tmp/rvm-tmp.UjXp6mkMd/rubygems-2.4.7 /home/vagrant/.rvm/src/
++ [[ -n /home/vagrant/.rvm/tmp/rvm-tmp.UjXp6mkMd ]]
++ command rm -rf /home/vagrant/.rvm/tmp/rvm-tmp.UjXp6mkMd
++ rm -rf /home/vagrant/.rvm/tmp/rvm-tmp.UjXp6mkMd
++ return 0
